21:26:38 **** Build of configuration Debug for project Lab8-Interrupts ****
make all 
'Building file: ../HPS_IRQ/HPS_IRQ.c'
'Invoking: ARM C Compiler 5'
armcc --cpu=Cortex-A9.no_neon.no_vfp --arm -O0 -g --md --depend_format=unix_escaped --no_depend_system_headers --depend_dir="HPS_IRQ" -c -o "HPS_IRQ/HPS_IRQ.o" "../HPS_IRQ/HPS_IRQ.c"
'Finished building: ../HPS_IRQ/HPS_IRQ.c'
' '
'Building file: ../main.c'
'Invoking: ARM C Compiler 5'
armcc --cpu=Cortex-A9.no_neon.no_vfp --arm -O0 -g --md --depend_format=unix_escaped --no_depend_system_headers -c -o "main.o" "../main.c"
'Finished building: ../main.c'
' '
'Building target: Lab8-Interrupts.axf'
'Invoking: ARM Linker 5'
armlink --cpu=Cortex-A9.no_neon.no_vfp --entry=__main --scatter="C:/Users/Kasem/Documents/DS-5 Workspace/Lab8-Interrupts/FPGARomRamIRQ.scat" --info=sizes -o "Lab8-Interrupts.axf"  ./HPS_IRQ/HPS_IRQ.o  ./main.o   

==============================================================================

Image component sizes


      Code (inc. data)   RO Data    RW Data    ZI Data      Debug   Object Name

      1108         60          0         24          0      10665   HPS_IRQ.o
       436         20          0          0          0       2202   main.o

    ----------------------------------------------------------------------
      1544         80         16         24      16384      12867   Object Totals
         0          0         16          0      16384          0   (incl. Generated)
         0          0          0          0          0          0   (incl. Padding)

    ----------------------------------------------------------------------

      Code (inc. data)   RO Data    RW Data    ZI Data      Debug   Library Member Name

         8          0          0          0          0         68   __main.o
         0          0          0          0          0          0   __rtentry.o
        12          0          0          0          0          0   __rtentry2.o
         8          4          0          0          0          0   __rtentry6.o
        52          8          0          0          0          0   __scatter.o
        28          0          0          0          0          0   __scatter_zi.o
        10          0          0          0          0         68   defsig_exit.o
        50          0          0          0          0         88   defsig_general.o
        80         58          0          0          0         76   defsig_rtmem_inner.o
        14          0          0          0          0         80   defsig_rtmem_outer.o
        18          0          0          0          0         80   exit.o
        94          0          0          0          0         80   h1_alloc.o
        48          0          0          0          0         68   h1_extend.o
        78          0          0          0          0         80   h1_free.o
        14          0          0          0          0         84   h1_init.o
       184          0          0          0          0         92   h1_realloc.o
        80          6          0          4          0         96   heapauxa.o
         4          0          0          0          0        136   hguard.o
         0          0          0          0          0          0   indicate_semi.o
       136          0          0          0          0        168   init_alloc.o
         2          0          0          0          0          0   libinit.o
         2          0          0          0          0          0   libinit2.o
        16          8          0          0          0          0   libinit4.o
         2          0          0          0          0          0   libshutdown.o
         2          0          0          0          0          0   libshutdown2.o
         0          0          0          0         96          0   libspace.o
         0          0          0          0          0          0   maybetermalloc1.o
         8          4          0          0          0         68   rt_heap_descriptor_intlibspace.o
       124          0          0          0          0         96   rt_memcpy_w_ca9.o
         2          0          0          0          0          0   rtexit.o
        10          0          0          0          0          0   rtexit2.o
        12          4          0          0          0         68   sys_exit.o
        14          0          0          0          0         76   sys_wrch.o
         2          0          0          0          0         68   use_no_semi.o

    ----------------------------------------------------------------------
      1120         92          0          4         96       1640   Library Totals
         6          0          0          0          0          0   (incl. Padding)

    ----------------------------------------------------------------------

      Code (inc. data)   RO Data    RW Data    ZI Data      Debug   Library Name

      1114         92          0          4         96       1640   c_2.l

    ----------------------------------------------------------------------
      1120         92          0          4         96       1640   Library Totals

    ----------------------------------------------------------------------

==============================================================================


      Code (inc. data)   RO Data    RW Data    ZI Data      Debug   

      2664        172         16         28      16480      13603   Grand Totals
      2664        172         16         28      16480      13603   ELF Image Totals
      2664        172         16         28          0          0   ROM Totals

==============================================================================

    Total RO  Size (Code + RO Data)                 2680 (   2.62kB)
    Total RW  Size (RW Data + ZI Data)             16508 (  16.12kB)
    Total ROM Size (Code + RO Data + RW Data)       2708 (   2.64kB)

==============================================================================

'Finished building target: Lab8-Interrupts.axf'
' '
