21:36:46 **** Incremental Build of configuration Debug for project Lab1_1 ****
make all 
'Building file: ../main.c'
'Invoking: ARM C Compiler 5'
armcc --cpu=Cortex-A9.no_neon.no_vfp --arm -O0 -g --md --depend_format=unix_escaped --no_depend_system_headers -c -o "main.o" "../main.c"
'Finished building: ../main.c'
' '
'Building target: Lab1_1.axf'
'Invoking: ARM Linker 5'
armlink --cpu=Cortex-A9.no_neon.no_vfp --entry=__main --scatter="C:/Users/Kasem/Documents/DS-5 Workspace/Lab1_1/FPGARomRam.scat" --info=sizes -o "Lab1_1.axf"  ./main.o   
"C:/Users/Kasem/Documents/DS-5 Workspace/Lab1_1/FPGARomRam.scat", line 9 (column 12): Warning: L6329W: Pattern *(RW) only matches removed unused sections.
"C:/Users/Kasem/Documents/DS-5 Workspace/Lab1_1/FPGARomRam.scat", line 9 (column 16): Warning: L6329W: Pattern *(ZI) only matches removed unused sections.
Finished: 0 information, 2 warning and 0 error messages.

==============================================================================

Image component sizes


      Code (inc. data)   RO Data    RW Data    ZI Data      Debug   Object Name

        88          8          0          0          0       2003   main.o

    ----------------------------------------------------------------------
        88          8          0          0      16384       2003   Object Totals
         0          0          0          0      16384          0   (incl. Generated)
         0          0          0          0          0          0   (incl. Padding)

    ----------------------------------------------------------------------

      Code (inc. data)   RO Data    RW Data    ZI Data      Debug   Library Member Name

         8          0          0          0          0         68   __main.o
         0          0          0          0          0          0   __rtentry.o
        12          0          0          0          0          0   __rtentry2.o
         8          4          0          0          0          0   __rtentry6.o
        18          0          0          0          0         80   exit.o
         0          0          0          0          0          0   indicate_semi.o
         2          0          0          0          0          0   libinit.o
         2          0          0          0          0          0   libinit2.o
         2          0          0          0          0          0   libshutdown.o
         2          0          0          0          0          0   libshutdown2.o
         2          0          0          0          0          0   rtexit.o
        10          0          0          0          0          0   rtexit2.o
        12          4          0          0          0         68   sys_exit.o
         2          0          0          0          0         68   use_no_semi.o

    ----------------------------------------------------------------------
        80          8          0          0          0        284   Library Totals
         0          0          0          0          0          0   (incl. Padding)

    ----------------------------------------------------------------------

      Code (inc. data)   RO Data    RW Data    ZI Data      Debug   Library Name

        80          8          0          0          0        284   c_2.l

    ----------------------------------------------------------------------
        80          8          0          0          0        284   Library Totals

    ----------------------------------------------------------------------

==============================================================================


      Code (inc. data)   RO Data    RW Data    ZI Data      Debug   

       168         16          0          0      16384       2183   Grand Totals
       168         16          0          0      16384       2183   ELF Image Totals
       168         16          0          0          0          0   ROM Totals

==============================================================================

    Total RO  Size (Code + RO Data)                  168 (   0.16kB)
    Total RW  Size (RW Data + ZI Data)             16384 (  16.00kB)
    Total ROM Size (Code + RO Data + RW Data)        168 (   0.16kB)

==============================================================================

'Finished building target: Lab1_1.axf'
' '

21:36:47 Build Finished (took 1s.335ms)

