18:40:10 **** Build of configuration Debug for project lab2_sum_func ****
make all 
'Building file: ../seven_seg/seven_seg.c'
'Invoking: ARM C Compiler 5'
armcc --cpu=Cortex-A9.no_neon.no_vfp --arm -O0 -g --md --depend_format=unix_escaped --no_depend_system_headers --depend_dir="seven_seg" -c -o "seven_seg/seven_seg.o" "../seven_seg/seven_seg.c"
"../seven_seg/seven_seg.c", line 26: Warning:  #513-D: a value of type "volatile int *" cannot be assigned to an entity of type "int *"
  	ptr=seg2_ptr;
  	   ^
"../seven_seg/seven_seg.c", line 22: Warning:  #550-D: variable "dig3"  was set but never used
  	int dig1=0,dig2=0,dig3=0,temp=0;
  	                  ^
../seven_seg/seven_seg.c: 2 warnings, 0 errors
'Finished building: ../seven_seg/seven_seg.c'
' '
'Building file: ../main.c'
'Invoking: ARM C Compiler 5'
armcc --cpu=Cortex-A9.no_neon.no_vfp --arm -O0 -g --md --depend_format=unix_escaped --no_depend_system_headers -c -o "main.o" "../main.c"
"../main.c", line 46: Warning:  #167-D: argument of type "volatile int *" is incompatible with parameter of type "int *"
          seg_dec(dis1,1,seg1_ptr);
                         ^
"../main.c", line 47: Warning:  #167-D: argument of type "volatile int *" is incompatible with parameter of type "int *"
          seg_dec(dis2,2,seg1_ptr);
                         ^
"../main.c", line 48: Warning:  #167-D: argument of type "volatile int *" is incompatible with parameter of type "int *"
          seg_dec(dis3,3,seg2_ptr);
                         ^
"../main.c", line 32: Warning:  #177-D: variable "l"  was declared but never referenced
     unsigned int n,l=0,dis1=0,dis2=0,dis3=0;
                    ^
../main.c: 4 warnings, 0 errors
'Finished building: ../main.c'
' '
'Building target: lab2_sum_func.axf'
'Invoking: ARM Linker 5'
armlink --cpu=Cortex-A9.no_neon.no_vfp --entry=__main --scatter="C:\Users\Kasem\Documents\DS-5 Workspace\lab1\FPGARomRam.scat" --info=sizes -o "lab2_sum_func.axf"  ./seven_seg/seven_seg.o  ./main.o   

==============================================================================

Image component sizes


      Code (inc. data)   RO Data    RW Data    ZI Data      Debug   Object Name

       268          8          0          0          0       1650   main.o
      1332          8          0          8          0       3198   seven_seg.o

    ----------------------------------------------------------------------
      1600         16          0          8      16384       4848   Object Totals
         0          0          0          0      16384          0   (incl. Generated)
         0          0          0          0          0          0   (incl. Padding)

    ----------------------------------------------------------------------

      Code (inc. data)   RO Data    RW Data    ZI Data      Debug   Library Member Name

         8          0          0          0          0         68   __main.o
         0          0          0          0          0          0   __rtentry.o
        12          0          0          0          0          0   __rtentry2.o
         8          4          0          0          0          0   __rtentry6.o
       380          0          0          0          0         76   aeabi_sdiv.o
        18          0          0          0          0         80   exit.o
         0          0          0          0          0          0   indicate_semi.o
         2          0          0          0          0          0   libinit.o
         2          0          0          0          0          0   libinit2.o
         2          0          0          0          0          0   libshutdown.o
         2          0          0          0          0          0   libshutdown2.o
         2          0          0          0          0          0   rtexit.o
        10          0          0          0          0          0   rtexit2.o
        12          4          0          0          0         68   sys_exit.o
         2          0          0          0          0         68   use_no_semi.o

    ----------------------------------------------------------------------
       464          8          0          0          0        360   Library Totals
         4          0          0          0          0          0   (incl. Padding)

    ----------------------------------------------------------------------

      Code (inc. data)   RO Data    RW Data    ZI Data      Debug   Library Name

       460          8          0          0          0        360   c_2.l

    ----------------------------------------------------------------------
       464          8          0          0          0        360   Library Totals

    ----------------------------------------------------------------------

==============================================================================


      Code (inc. data)   RO Data    RW Data    ZI Data      Debug   

      2064         24          0          8      16384       5000   Grand Totals
      2064         24          0          8      16384       5000   ELF Image Totals
      2064         24          0          8          0          0   ROM Totals

==============================================================================

    Total RO  Size (Code + RO Data)                 2064 (   2.02kB)
    Total RW  Size (RW Data + ZI Data)             16392 (  16.01kB)
    Total ROM Size (Code + RO Data + RW Data)       2072 (   2.02kB)

==============================================================================

'Finished building target: lab2_sum_func.axf'
' '

18:40:12 Build Finished (took 1s.960ms)

