16:21:52 **** Build of configuration Debug for project lab2_seg ****
make all 
'Building file: ../seven_seg/seven_seg.c'
'Invoking: ARM C Compiler 5'
armcc --cpu=Cortex-A9.no_neon.no_vfp --arm -O0 -g --md --depend_format=unix_escaped --no_depend_system_headers --depend_dir="seven_seg" -c -o "seven_seg/seven_seg.o" "../seven_seg/seven_seg.c"
"../seven_seg/seven_seg.c", line 21: Warning:  #550-D: variable "dig3"  was set but never used
  	int dig1=0,dig2=0,dig3=0,temp=0;
  	                  ^
../seven_seg/seven_seg.c: 1 warning, 0 errors
'Finished building: ../seven_seg/seven_seg.c'
' '
'Building file: ../main.c'
'Invoking: ARM C Compiler 5'
armcc --cpu=Cortex-A9.no_neon.no_vfp --arm -O0 -g --md --depend_format=unix_escaped --no_depend_system_headers -c -o "main.o" "../main.c"
"../main.c", line 72: Warning:  #167-D: argument of type "volatile int *" is incompatible with parameter of type "int *"
      		seg_hex(cntr,1,seg2_ptr);
      		               ^
"../main.c", line 33: Warning:  #177-D: variable "KEY_ptr"  was declared but never referenced
     volatile int *KEY_ptr  = (int *) 0xFF200050;
                   ^
"../main.c", line 34: Warning:  #177-D: variable "i"  was declared but never referenced
      int i,cnt=2000000;
          ^
"../main.c", line 34: Warning:  #177-D: variable "cnt"  was declared but never referenced
      int i,cnt=2000000;
            ^
../main.c: 4 warnings, 0 errors
'Finished building: ../main.c'
' '
'Building target: lab2_seg.axf'
'Invoking: ARM Linker 5'
armlink --cpu=Cortex-A9.no_neon.no_vfp --entry=__main --scatter="C:\Users\Kasem\Documents\DS-5 Workspace\lab1\FPGARomRam.scat" --info=sizes -o "lab2_seg.axf"  ./seven_seg/seven_seg.o  ./main.o   

==============================================================================

Image component sizes


      Code (inc. data)   RO Data    RW Data    ZI Data      Debug   Object Name

       476         16          0          8          0       1331   main.o
      1312          4          0          0          0       2930   seven_seg.o

    ----------------------------------------------------------------------
      1788         20          0          8      16384       4261   Object Totals
         0          0          0          0      16384          0   (incl. Generated)
         0          0          0          0          0          0   (incl. Padding)

    ----------------------------------------------------------------------

      Code (inc. data)   RO Data    RW Data    ZI Data      Debug   Library Member Name

         8          0          0          0          0         68   __main.o
         0          0          0          0          0          0   __rtentry.o
        12          0          0          0          0          0   __rtentry2.o
         8          4          0          0          0          0   __rtentry6.o
       380          0          0          0          0         76   aeabi_sdiv.o
        18          0          0          0          0         80   exit.o
         0          0          0          0          0          0   indicate_semi.o
         2          0          0          0          0          0   libinit.o
         2          0          0          0          0          0   libinit2.o
         2          0          0          0          0          0   libshutdown.o
         2          0          0          0          0          0   libshutdown2.o
         2          0          0          0          0          0   rtexit.o
        10          0          0          0          0          0   rtexit2.o
        12          4          0          0          0         68   sys_exit.o
         2          0          0          0          0         68   use_no_semi.o

    ----------------------------------------------------------------------
       464          8          0          0          0        360   Library Totals
         4          0          0          0          0          0   (incl. Padding)

    ----------------------------------------------------------------------

      Code (inc. data)   RO Data    RW Data    ZI Data      Debug   Library Name

       460          8          0          0          0        360   c_2.l

    ----------------------------------------------------------------------
       464          8          0          0          0        360   Library Totals

    ----------------------------------------------------------------------

==============================================================================


      Code (inc. data)   RO Data    RW Data    ZI Data      Debug   

      2252         28          0          8      16384       4413   Grand Totals
      2252         28          0          8      16384       4413   ELF Image Totals
      2252         28          0          8          0          0   ROM Totals

==============================================================================

    Total RO  Size (Code + RO Data)                 2252 (   2.20kB)
    Total RW  Size (RW Data + ZI Data)             16392 (  16.01kB)
    Total ROM Size (Code + RO Data + RW Data)       2260 (   2.21kB)

==============================================================================

'Finished building target: lab2_seg.axf'
' '

16:21:54 Build Finished (took 2s.23ms)

