11:15:05 **** Build of configuration Debug for project Lab3_blocking_timer ****
make all 
'Building file: ../seven_seg/seven_seg.c'
'Invoking: ARM C Compiler 5'
armcc --cpu=Cortex-A9.no_neon.no_vfp --arm -O0 -g --md --depend_format=unix_escaped --no_depend_system_headers --depend_dir="seven_seg" -c -o "seven_seg/seven_seg.o" "../seven_seg/seven_seg.c"
"../seven_seg/seven_seg.c", line 20: Warning:  #550-D: variable "dig3"  was set but never used
  	int dig1=0,dig2=0,dig3=0,temp=0;
  	                  ^
../seven_seg/seven_seg.c: 1 warning, 0 errors
'Finished building: ../seven_seg/seven_seg.c'
' '
'Building file: ../main.c'
'Invoking: ARM C Compiler 5'
armcc --cpu=Cortex-A9.no_neon.no_vfp --arm -O0 -g --md --depend_format=unix_escaped --no_depend_system_headers -c -o "main.o" "../main.c"
"../main.c", line 14: Warning:  #177-D: variable "private_timer_value"  was declared but never referenced
      volatile unsigned int *private_timer_value     = (unsigned int *) 0xFFFEC604; 
                             ^
../main.c: 1 warning, 0 errors
'Finished building: ../main.c'
' '
'Building target: Lab3_blocking_timer.axf'
'Invoking: ARM Linker 5'
armlink --cpu=Cortex-A9.no_neon.no_vfp --entry=__main --scatter="C:\Users\Kasem\Documents\DS-5 Workspace\lab1\FPGARomRam.scat" --info=sizes -o "Lab3_blocking_timer.axf"  ./seven_seg/seven_seg.o  ./main.o   
"C:\Users\Kasem\Documents\DS-5 Workspace\lab1\FPGARomRam.scat", line 9 (column 12): Warning: L6329W: Pattern *(RW) only matches removed unused sections.
"C:\Users\Kasem\Documents\DS-5 Workspace\lab1\FPGARomRam.scat", line 9 (column 16): Warning: L6329W: Pattern *(ZI) only matches removed unused sections.
Finished: 0 information, 2 warning and 0 error messages.

==============================================================================

Image component sizes


      Code (inc. data)   RO Data    RW Data    ZI Data      Debug   Object Name

       132         16          0          0          0       1039   main.o
         0          0          0          0          0       1444   seven_seg.o

    ----------------------------------------------------------------------
       132         16          0          0      16384       2483   Object Totals
         0          0          0          0      16384          0   (incl. Generated)
         0          0          0          0          0          0   (incl. Padding)

    ----------------------------------------------------------------------

      Code (inc. data)   RO Data    RW Data    ZI Data      Debug   Library Member Name

         8          0          0          0          0         68   __main.o
         0          0          0          0          0          0   __rtentry.o
        12          0          0          0          0          0   __rtentry2.o
         8          4          0          0          0          0   __rtentry6.o
        18          0          0          0          0         80   exit.o
         0          0          0          0          0          0   indicate_semi.o
         2          0          0          0          0          0   libinit.o
         2          0          0          0          0          0   libinit2.o
         2          0          0          0          0          0   libshutdown.o
         2          0          0          0          0          0   libshutdown2.o
         2          0          0          0          0          0   rtexit.o
        10          0          0          0          0          0   rtexit2.o
        12          4          0          0          0         68   sys_exit.o
         2          0          0          0          0         68   use_no_semi.o

    ----------------------------------------------------------------------
        84          8          0          0          0        284   Library Totals
         4          0          0          0          0          0   (incl. Padding)

    ----------------------------------------------------------------------

      Code (inc. data)   RO Data    RW Data    ZI Data      Debug   Library Name

        80          8          0          0          0        284   c_2.l

    ----------------------------------------------------------------------
        84          8          0          0          0        284   Library Totals

    ----------------------------------------------------------------------

==============================================================================


      Code (inc. data)   RO Data    RW Data    ZI Data      Debug   

       216         24          0          0      16384       2663   Grand Totals
       216         24          0          0      16384       2663   ELF Image Totals
       216         24          0          0          0          0   ROM Totals

==============================================================================

    Total RO  Size (Code + RO Data)                  216 (   0.21kB)
    Total RW  Size (RW Data + ZI Data)             16384 (  16.00kB)
    Total ROM Size (Code + RO Data + RW Data)        216 (   0.21kB)

==============================================================================

'Finished building target: Lab3_blocking_timer.axf'
' '

11:15:14 Build Finished (took 9s.128ms)

