01:30:32 **** Build of configuration Debug for project Lab4_Tone_generator_FPU ****
make all 
'Building file: ../HPS_I2C/HPS_I2C.c'
'Invoking: ARM C Compiler 5'
armcc --cpu=Cortex-A9.no_neon --apcs=/hardfp --arm -O0 -g --md --depend_format=unix_escaped --no_depend_system_headers --depend_dir="HPS_I2C" -c -o "HPS_I2C/HPS_I2C.o" "../HPS_I2C/HPS_I2C.c"
'Finished building: ../HPS_I2C/HPS_I2C.c'
' '
'Building file: ../DE1SoC_WM8731/DE1SoC_WM8731.c'
'Invoking: ARM C Compiler 5'
armcc --cpu=Cortex-A9.no_neon --apcs=/hardfp --arm -O0 -g --md --depend_format=unix_escaped --no_depend_system_headers --depend_dir="DE1SoC_WM8731" -c -o "DE1SoC_WM8731/DE1SoC_WM8731.o" "../DE1SoC_WM8731/DE1SoC_WM8731.c"
'Finished building: ../DE1SoC_WM8731/DE1SoC_WM8731.c'
' '
'Building file: ../VFP_Enable.c'
'Invoking: ARM C Compiler 5'
armcc --cpu=Cortex-A9.no_neon --apcs=/hardfp --arm -O0 -g --md --depend_format=unix_escaped --no_depend_system_headers -c -o "VFP_Enable.o" "../VFP_Enable.c"
'Finished building: ../VFP_Enable.c'
' '
'Building file: ../main.c'
'Invoking: ARM C Compiler 5'
armcc --cpu=Cortex-A9.no_neon --apcs=/hardfp --arm -O0 -g --md --depend_format=unix_escaped --no_depend_system_headers -c -o "main.o" "../main.c"
'Finished building: ../main.c'
' '
'Building target: Lab4_Tone_generator_FPU.axf'
'Invoking: ARM Linker 5'
armlink --cpu=Cortex-A9.no_neon --entry=__main --scatter="C:\Users\Kasem\Documents\DS-5 Workspace\lab1\FPGARomRam.scat" --info=sizes -o "Lab4_Tone_generator_FPU.axf"  ./HPS_I2C/HPS_I2C.o  ./DE1SoC_WM8731/DE1SoC_WM8731.o  ./VFP_Enable.o ./main.o   

==============================================================================

Image component sizes


      Code (inc. data)   RO Data    RW Data    ZI Data      Debug   Object Name

       692          8          0          5          0       2371   DE1SoC_WM8731.o
       660         16          0         10          0       5694   HPS_I2C.o
        36          0          0          0          0        444   VFP_Enable.o
       464         56          0         16          0       1985   main.o

    ----------------------------------------------------------------------
      1852         80         16         36      16384      10494   Object Totals
         0          0         16          0      16384          0   (incl. Generated)
         0          0          0          5          0          0   (incl. Padding)

    ----------------------------------------------------------------------

      Code (inc. data)   RO Data    RW Data    ZI Data      Debug   Library Member Name

         8          0          0          0          0         68   __main.o
         0          0          0          0          0          0   __rtentry.o
        16          0          0          0          0          0   __rtentry2.o
         8          4          0          0          0          0   __rtentry6.o
        52          8          0          0          0          0   __scatter.o
        28          0          0          0          0          0   __scatter_zi.o
        22          0          0          0          0        100   _rserrno.o
        18          0          0          0          0         80   exit.o
         0          0          0          0          0          0   indicate_semi.o
         2          0          0          0          0          0   libinit.o
         6          0          0          0          0          0   libinit2.o
         2          0          0          0          0          0   libshutdown.o
         2          0          0          0          0          0   libshutdown2.o
         0          0          0          0         96          0   libspace.o
         8          4          0          0          0         68   rt_errno_addr_intlibspace.o
         2          0          0          0          0          0   rtexit.o
        10          0          0          0          0          0   rtexit2.o
        12          4          0          0          0         68   sys_exit.o
         2          0          0          0          0         68   use_no_semi.o
        10          0          0          0          0        116   fpinit.o
         0          0          0          0          0          0   usenofp.o
       216         40         48          0          0        164   cos_i.o
        48         28          0          0          0        232   dunder.o
        24          0          0          0          0        124   fabs.o
        48          0          0          0          0        124   fpclassify.o
       122          0          0          0          0        116   poly.o
       784        148        200          0          0        172   rred.o
       180         22          0          0          0        160   sin.o
       168         24         40          0          0        196   sin_i.o

    ----------------------------------------------------------------------
      1820        286        288          0         96       1856   Library Totals
        22          4          0          0          0          0   (incl. Padding)

    ----------------------------------------------------------------------

      Code (inc. data)   RO Data    RW Data    ZI Data      Debug   Library Name

       198         20          0          0         96        452   c_2.l
        10          0          0          0          0        116   fz_2v.l
      1590        262        288          0          0       1288   m_2v.l

    ----------------------------------------------------------------------
      1820        286        288          0         96       1856   Library Totals

    ----------------------------------------------------------------------

==============================================================================


      Code (inc. data)   RO Data    RW Data    ZI Data      Debug   

      3672        366        304         36      16480      11178   Grand Totals
      3672        366        304         36      16480      11178   ELF Image Totals
      3672        366        304         36          0          0   ROM Totals

==============================================================================

    Total RO  Size (Code + RO Data)                 3976 (   3.88kB)
    Total RW  Size (RW Data + ZI Data)             16516 (  16.13kB)
    Total ROM Size (Code + RO Data + RW Data)       4012 (   3.92kB)

==============================================================================

'Finished building target: Lab4_Tone_generator_FPU.axf'
' '

01:30:37 Build Finished (took 4s.352ms)

