22:27:38 **** Build of configuration Debug for project Lab5_LCD_T2 ****
make all 
'Building file: ../seven_seg/seven_seg.c'
'Invoking: ARM C Compiler 5'
armcc --cpu=Cortex-A9.no_neon.no_vfp --arm -O3 -Otime -g --md --depend_format=unix_escaped --no_depend_system_headers --depend_dir="seven_seg" -c -o "seven_seg/seven_seg.o" "../seven_seg/seven_seg.c"
"../seven_seg/seven_seg.c", line 21: Warning:  #550-D: variable "dig3"  was set but never used
  	int dig1=0,dig2=0,dig3=0,temp=0;
  	                  ^
../seven_seg/seven_seg.c: 1 warning, 0 errors
'Finished building: ../seven_seg/seven_seg.c'
' '
'Building file: ../HPS_usleep/HPS_usleep.c'
'Invoking: ARM C Compiler 5'
armcc --cpu=Cortex-A9.no_neon.no_vfp --arm -O3 -Otime -g --md --depend_format=unix_escaped --no_depend_system_headers --depend_dir="HPS_usleep" -c -o "HPS_usleep/HPS_usleep.o" "../HPS_usleep/HPS_usleep.c"
'Finished building: ../HPS_usleep/HPS_usleep.c'
' '
'Building file: ../DE1SoC_LT24/DE1SoC_LT24.c'
'Invoking: ARM C Compiler 5'
armcc --cpu=Cortex-A9.no_neon.no_vfp --arm -O3 -Otime -g --md --depend_format=unix_escaped --no_depend_system_headers --depend_dir="DE1SoC_LT24" -c -o "DE1SoC_LT24/DE1SoC_LT24.o" "../DE1SoC_LT24/DE1SoC_LT24.c"
'Finished building: ../DE1SoC_LT24/DE1SoC_LT24.c'
' '
'Building file: ../main.c'
'Invoking: ARM C Compiler 5'
armcc --cpu=Cortex-A9.no_neon.no_vfp --arm -O3 -Otime -g --md --depend_format=unix_escaped --no_depend_system_headers -c -o "main.o" "../main.c"
'Finished building: ../main.c'
' '
'Building target: Lab5_LCD_T2.axf'
'Invoking: ARM Linker 5'
armlink --cpu=Cortex-A9.no_neon.no_vfp --info=sizes -o "Lab5_LCD_T2.axf"  ./seven_seg/seven_seg.o  ./HPS_usleep/HPS_usleep.o  ./DE1SoC_LT24/DE1SoC_LT24.o  ./main.o   

==============================================================================

Image component sizes


      Code (inc. data)   RO Data    RW Data    ZI Data      Debug   Object Name

      2264         20         24        380          0      11297   DE1SoC_LT24.o
       120          8          0          0          0        753   HPS_usleep.o
       356         40         12         20          0       2265   main.o
       804        156          0          0          0       2974   seven_seg.o

    ----------------------------------------------------------------------
      3544        224         84        400          0      17289   Object Totals
         0          0         48          0          0          0   (incl. Generated)
         0          0          0          0          0          0   (incl. Padding)

    ----------------------------------------------------------------------

      Code (inc. data)   RO Data    RW Data    ZI Data      Debug   Library Member Name

        90          0          0          0          0          0   __dczerorl2.o
         8          0          0          0          0         68   __main.o
         0          0          0          0          0          0   __rtentry.o
        12          0          0          0          0          0   __rtentry2.o
         6          0          0          0          0          0   __rtentry4.o
        52          8          0          0          0          0   __scatter.o
        26          0          0          0          0          0   __scatter_copy.o
        28          0          0          0          0          0   __scatter_zi.o
       604          0          0          0          0        144   aeabi_sdivfast_rs.o
        18          0          0          0          0         80   exit.o
         0          0          0          0          0          0   indicate_semi.o
         2          0          0          0          0          0   libinit.o
         2          0          0          0          0          0   libinit2.o
         2          0          0          0          0          0   libshutdown.o
         2          0          0          0          0          0   libshutdown2.o
         8          4          0          0         96         68   libspace.o
         2          0          0          0          0          0   rtexit.o
        10          0          0          0          0          0   rtexit2.o
        12          4          0          0          0         68   sys_exit.o
        48          8          0          0          0         80   sys_stackheap.o
        74          0          0          0          0         80   sys_stackheap_outer.o
         2          0          0          0          0         68   use_no_semi.o
       688        140          0          0          0        208   ddiv.o
        90          4          0          0          0         92   dfixu.o
        38          0          0          0          0         68   dflt_clz.o
       340         12          0          0          0        104   dmul.o
       156          4          0          0          0         92   dnaninf.o
        12          0          0          0          0         68   dretinf.o
         0          0          0          0          0          0   usenofp.o

    ----------------------------------------------------------------------
      2344        184          0          0         96       1288   Library Totals
        12          0          0          0          0          0   (incl. Padding)

    ----------------------------------------------------------------------

      Code (inc. data)   RO Data    RW Data    ZI Data      Debug   Library Name

      1008         24          0          0         96        656   c_2.l
      1324        160          0          0          0        632   fz_2s.l

    ----------------------------------------------------------------------
      2344        184          0          0         96       1288   Library Totals

    ----------------------------------------------------------------------

==============================================================================


      Code (inc. data)   RO Data    RW Data    ZI Data      Debug   

      5888        408         84        400         96      18017   Grand Totals
      5888        408         84        216         96      18017   ELF Image Totals (compressed)
      5888        408         84        216          0          0   ROM Totals

==============================================================================

    Total RO  Size (Code + RO Data)                 5972 (   5.83kB)
    Total RW  Size (RW Data + ZI Data)               496 (   0.48kB)
    Total ROM Size (Code + RO Data + RW Data)       6188 (   6.04kB)

==============================================================================

'Finished building target: Lab5_LCD_T2.axf'
' '

22:27:41 Build Finished (took 3s.16ms)

